<?xml version="1.0" encoding="UTF-8"?>
<!-- Generated by org.testng.reporters.JUnitReportReporter -->
<testsuite hostname="DW3C7DEVOS0220" name="com.DP.sit.getFillDetails" tests="1" failures="0" timestamp="19 Dec 2017 20:47:16 GMT" time="4.787" errors="0">
  <testcase name="executeTest" time="4.787" classname="com.DP.sit.getFillDetails"/>
</testsuite> <!-- com.DP.sit.getFillDetails -->
