<?xml version="1.0" encoding="UTF-8"?>
<!-- Generated by org.testng.reporters.JUnitReportReporter -->
<testsuite hostname="DW3C7DEVOS0220" name="com.DP.sit.doGetRxFillHistory" tests="1" failures="0" timestamp="19 Dec 2017 21:38:03 GMT" time="4.334" errors="0">
  <testcase name="executeTest" time="4.334" classname="com.DP.sit.doGetRxFillHistory"/>
</testsuite> <!-- com.DP.sit.doGetRxFillHistory -->
